{"/Users/yiu_sio_hang/Desktop/382-1st-Proj/src/data/mockProfessors.ts": {"path":"/Users/yiu_sio_hang/Desktop/382-1st-Proj/src/data/mockProfessors.ts","statementMap":{"0":{"start":{"line":3,"column":43},"end":{"line":424,"column":null}},"1":{"start":{"line":426,"column":23},"end":{"line":426,"column":null}},"2":{"start":{"line":427,"column":24},"end":{"line":427,"column":null}}},"fnMap":{},"branchMap":{},"s":{"0":1,"1":1,"2":1},"f":{},"b":{},"meta":{"lastBranch":0,"lastFunction":0,"lastStatement":3,"seen":{"s:3:43:424:Infinity":0,"s:426:23:426:Infinity":1,"s:427:24:427:Infinity":2}}}
,"/Users/yiu_sio_hang/Desktop/382-1st-Proj/src/hooks/useProfessors.tsx": {"path":"/Users/yiu_sio_hang/Desktop/382-1st-Proj/src/hooks/useProfessors.tsx","statementMap":{"0":{"start":{"line":23,"column":6},"end":{"line":23,"column":83}},"1":{"start":{"line":30,"column":25},"end":{"line":30,"column":75}},"2":{"start":{"line":31,"column":26},"end":{"line":31,"column":77}},"3":{"start":{"line":32,"column":22},"end":{"line":32,"column":52}},"4":{"start":{"line":33,"column":9},"end":{"line":33,"column":37}},"5":{"start":{"line":34,"column":9},"end":{"line":34,"column":47}},"6":{"start":{"line":37,"column":18},"end":{"line":37,"column":72}},"7":{"start":{"line":37,"column":61},"end":{"line":37,"column":70}},"8":{"start":{"line":38,"column":19},"end":{"line":38,"column":74}},"9":{"start":{"line":38,"column":62},"end":{"line":38,"column":72}},"10":{"start":{"line":41,"column":29},"end":{"line":49,"column":null}},"11":{"start":{"line":42,"column":4},"end":{"line":42,"column":null}},"12":{"start":{"line":42,"column":58},"end":{"line":42,"column":null}},"13":{"start":{"line":43,"column":4},"end":{"line":43,"column":null}},"14":{"start":{"line":43,"column":61},"end":{"line":43,"column":null}},"15":{"start":{"line":44,"column":4},"end":{"line":46,"column":null}},"16":{"start":{"line":45,"column":20},"end":{"line":45,"column":45}},"17":{"start":{"line":46,"column":6},"end":{"line":46,"column":null}},"18":{"start":{"line":46,"column":52},"end":{"line":46,"column":null}},"19":{"start":{"line":48,"column":4},"end":{"line":48,"column":null}},"20":{"start":{"line":52,"column":8},"end":{"line":52,"column":75}},"21":{"start":{"line":54,"column":8},"end":{"line":55,"column":null}},"22":{"start":{"line":55,"column":4},"end":{"line":55,"column":null}},"23":{"start":{"line":58,"column":8},"end":{"line":59,"column":null}},"24":{"start":{"line":59,"column":4},"end":{"line":59,"column":null}},"25":{"start":{"line":62,"column":8},"end":{"line":63,"column":null}},"26":{"start":{"line":63,"column":4},"end":{"line":63,"column":null}},"27":{"start":{"line":63,"column":36},"end":{"line":63,"column":48}},"28":{"start":{"line":66,"column":38},"end":{"line":80,"column":null}},"29":{"start":{"line":82,"column":2},"end":{"line":85,"column":null}},"30":{"start":{"line":90,"column":8},"end":{"line":90,"column":46}},"31":{"start":{"line":91,"column":2},"end":{"line":92,"column":null}},"32":{"start":{"line":92,"column":4},"end":{"line":92,"column":null}},"33":{"start":{"line":94,"column":2},"end":{"line":94,"column":null}}},"fnMap":{"0":{"name":"ProfessorProvider","decl":{"start":{"line":29,"column":16},"end":{"line":29,"column":34}},"loc":{"start":{"line":29,"column":72},"end":{"line":85,"column":null}},"line":29},"1":{"name":"(anonymous_1)","decl":{"start":{"line":37,"column":52},"end":{"line":37,"column":56}},"loc":{"start":{"line":37,"column":61},"end":{"line":37,"column":70}},"line":37},"2":{"name":"(anonymous_2)","decl":{"start":{"line":38,"column":53},"end":{"line":38,"column":57}},"loc":{"start":{"line":38,"column":62},"end":{"line":38,"column":72}},"line":38},"3":{"name":"(anonymous_3)","decl":{"start":{"line":41,"column":44},"end":{"line":41,"column":51}},"loc":{"start":{"line":41,"column":59},"end":{"line":49,"column":null}},"line":41},"4":{"name":"(anonymous_4)","decl":{"start":{"line":54,"column":8},"end":{"line":54,"column":24}},"loc":{"start":{"line":54,"column":50},"end":{"line":55,"column":null}},"line":54},"5":{"name":"(anonymous_5)","decl":{"start":{"line":58,"column":8},"end":{"line":58,"column":25}},"loc":{"start":{"line":58,"column":52},"end":{"line":59,"column":null}},"line":58},"6":{"name":"(anonymous_6)","decl":{"start":{"line":62,"column":8},"end":{"line":62,"column":28}},"loc":{"start":{"line":62,"column":43},"end":{"line":63,"column":null}},"line":62},"7":{"name":"(anonymous_7)","decl":{"start":{"line":63,"column":26},"end":{"line":63,"column":31}},"loc":{"start":{"line":63,"column":36},"end":{"line":63,"column":48}},"line":63},"8":{"name":"useProfessors","decl":{"start":{"line":89,"column":16},"end":{"line":89,"column":32}},"loc":{"start":{"line":89,"column":32},"end":{"line":94,"column":null}},"line":89}},"branchMap":{"0":{"loc":{"start":{"line":42,"column":4},"end":{"line":42,"column":null}},"type":"if","locations":[{"start":{"line":42,"column":4},"end":{"line":42,"column":null}},{"start":{},"end":{}}],"line":42},"1":{"loc":{"start":{"line":42,"column":8},"end":{"line":42,"column":58}},"type":"binary-expr","locations":[{"start":{"line":42,"column":8},"end":{"line":42,"column":26}},{"start":{"line":42,"column":26},"end":{"line":42,"column":58}}],"line":42},"2":{"loc":{"start":{"line":43,"column":4},"end":{"line":43,"column":null}},"type":"if","locations":[{"start":{"line":43,"column":4},"end":{"line":43,"column":null}},{"start":{},"end":{}}],"line":43},"3":{"loc":{"start":{"line":43,"column":8},"end":{"line":43,"column":61}},"type":"binary-expr","locations":[{"start":{"line":43,"column":8},"end":{"line":43,"column":27}},{"start":{"line":43,"column":27},"end":{"line":43,"column":61}}],"line":43},"4":{"loc":{"start":{"line":44,"column":4},"end":{"line":46,"column":null}},"type":"if","locations":[{"start":{"line":44,"column":4},"end":{"line":46,"column":null}},{"start":{},"end":{}}],"line":44},"5":{"loc":{"start":{"line":46,"column":6},"end":{"line":46,"column":null}},"type":"if","locations":[{"start":{"line":46,"column":6},"end":{"line":46,"column":null}},{"start":{},"end":{}}],"line":46},"6":{"loc":{"start":{"line":91,"column":2},"end":{"line":92,"column":null}},"type":"if","locations":[{"start":{"line":91,"column":2},"end":{"line":92,"column":null}},{"start":{},"end":{}}],"line":91}},"s":{"0":1,"1":25,"2":25,"3":25,"4":25,"5":25,"6":25,"7":500,"8":25,"9":500,"10":25,"11":500,"12":65,"13":435,"14":22,"15":413,"16":40,"17":40,"18":29,"19":384,"20":25,"21":25,"22":7,"23":25,"24":2,"25":25,"26":2,"27":21,"28":25,"29":25,"30":25,"31":25,"32":0,"33":25},"f":{"0":25,"1":500,"2":500,"3":500,"4":7,"5":2,"6":2,"7":21,"8":25},"b":{"0":[65,435],"1":[500,100],"2":[22,413],"3":[435,27],"4":[40,373],"5":[29,11],"6":[0,25]},"meta":{"lastBranch":7,"lastFunction":9,"lastStatement":34,"seen":{"s:23:6:23:83":0,"f:29:16:29:34":0,"s:30:25:30:75":1,"s:31:26:31:77":2,"s:32:22:32:52":3,"s:33:9:33:37":4,"s:34:9:34:47":5,"s:37:18:37:72":6,"f:37:52:37:56":1,"s:37:61:37:70":7,"s:38:19:38:74":8,"f:38:53:38:57":2,"s:38:62:38:72":9,"s:41:29:49:Infinity":10,"f:41:44:41:51":3,"b:42:4:42:Infinity:undefined:undefined:undefined:undefined":0,"s:42:4:42:Infinity":11,"b:42:8:42:26:42:26:42:58":1,"s:42:58:42:Infinity":12,"b:43:4:43:Infinity:undefined:undefined:undefined:undefined":2,"s:43:4:43:Infinity":13,"b:43:8:43:27:43:27:43:61":3,"s:43:61:43:Infinity":14,"b:44:4:46:Infinity:undefined:undefined:undefined:undefined":4,"s:44:4:46:Infinity":15,"s:45:20:45:45":16,"b:46:6:46:Infinity:undefined:undefined:undefined:undefined":5,"s:46:6:46:Infinity":17,"s:46:52:46:Infinity":18,"s:48:4:48:Infinity":19,"s:52:8:52:75":20,"s:54:8:55:Infinity":21,"f:54:8:54:24":4,"s:55:4:55:Infinity":22,"s:58:8:59:Infinity":23,"f:58:8:58:25":5,"s:59:4:59:Infinity":24,"s:62:8:63:Infinity":25,"f:62:8:62:28":6,"s:63:4:63:Infinity":26,"f:63:26:63:31":7,"s:63:36:63:48":27,"s:66:38:80:Infinity":28,"s:82:2:85:Infinity":29,"f:89:16:89:32":8,"s:90:8:90:46":30,"b:91:2:92:Infinity:undefined:undefined:undefined:undefined":6,"s:91:2:92:Infinity":31,"s:92:4:92:Infinity":32,"s:94:2:94:Infinity":33}}}
,"/Users/yiu_sio_hang/Desktop/382-1st-Proj/src/utils/commentUtils.ts": {"path":"/Users/yiu_sio_hang/Desktop/382-1st-Proj/src/utils/commentUtils.ts","statementMap":{"0":{"start":{"line":7,"column":2},"end":{"line":7,"column":null}},"1":{"start":{"line":7,"column":42},"end":{"line":7,"column":null}},"2":{"start":{"line":8,"column":2},"end":{"line":10,"column":null}},"3":{"start":{"line":9,"column":4},"end":{"line":9,"column":null}},"4":{"start":{"line":17,"column":2},"end":{"line":17,"column":null}},"5":{"start":{"line":17,"column":42},"end":{"line":17,"column":null}},"6":{"start":{"line":18,"column":2},"end":{"line":20,"column":null}},"7":{"start":{"line":19,"column":4},"end":{"line":19,"column":null}},"8":{"start":{"line":31,"column":2},"end":{"line":31,"column":null}},"9":{"start":{"line":31,"column":13},"end":{"line":31,"column":null}},"10":{"start":{"line":33,"column":2},"end":{"line":36,"column":null}},"11":{"start":{"line":47,"column":2},"end":{"line":47,"column":null}},"12":{"start":{"line":47,"column":16},"end":{"line":47,"column":null}},"13":{"start":{"line":49,"column":2},"end":{"line":53,"column":null}},"14":{"start":{"line":60,"column":2},"end":{"line":63,"column":null}}},"fnMap":{"0":{"name":"getBestComment","decl":{"start":{"line":6,"column":16},"end":{"line":6,"column":31}},"loc":{"start":{"line":6,"column":73},"end":{"line":10,"column":null}},"line":6},"1":{"name":"(anonymous_1)","decl":{"start":{"line":8,"column":18},"end":{"line":8,"column":26}},"loc":{"start":{"line":9,"column":4},"end":{"line":9,"column":null}},"line":9},"2":{"name":"getWorstComment","decl":{"start":{"line":16,"column":16},"end":{"line":16,"column":32}},"loc":{"start":{"line":16,"column":74},"end":{"line":20,"column":null}},"line":16},"3":{"name":"(anonymous_3)","decl":{"start":{"line":18,"column":18},"end":{"line":18,"column":26}},"loc":{"start":{"line":19,"column":4},"end":{"line":19,"column":null}},"line":19},"4":{"name":"sanitizeComment","decl":{"start":{"line":30,"column":16},"end":{"line":30,"column":32}},"loc":{"start":{"line":30,"column":55},"end":{"line":36,"column":null}},"line":30},"5":{"name":"formatComment","decl":{"start":{"line":42,"column":16},"end":{"line":42,"column":30}},"loc":{"start":{"line":46,"column":9},"end":{"line":53,"column":null}},"line":46},"6":{"name":"getReviewPair","decl":{"start":{"line":59,"column":16},"end":{"line":59,"column":30}},"loc":{"start":{"line":59,"column":51},"end":{"line":63,"column":null}},"line":59}},"branchMap":{"0":{"loc":{"start":{"line":7,"column":2},"end":{"line":7,"column":null}},"type":"if","locations":[{"start":{"line":7,"column":2},"end":{"line":7,"column":null}},{"start":{},"end":{}}],"line":7},"1":{"loc":{"start":{"line":7,"column":6},"end":{"line":7,"column":42}},"type":"binary-expr","locations":[{"start":{"line":7,"column":6},"end":{"line":7,"column":19}},{"start":{"line":7,"column":19},"end":{"line":7,"column":42}}],"line":7},"2":{"loc":{"start":{"line":9,"column":4},"end":{"line":9,"column":null}},"type":"cond-expr","locations":[{"start":{"line":9,"column":35},"end":{"line":9,"column":45}},{"start":{"line":9,"column":45},"end":{"line":9,"column":null}}],"line":9},"3":{"loc":{"start":{"line":17,"column":2},"end":{"line":17,"column":null}},"type":"if","locations":[{"start":{"line":17,"column":2},"end":{"line":17,"column":null}},{"start":{},"end":{}}],"line":17},"4":{"loc":{"start":{"line":17,"column":6},"end":{"line":17,"column":42}},"type":"binary-expr","locations":[{"start":{"line":17,"column":6},"end":{"line":17,"column":19}},{"start":{"line":17,"column":19},"end":{"line":17,"column":42}}],"line":17},"5":{"loc":{"start":{"line":19,"column":4},"end":{"line":19,"column":null}},"type":"cond-expr","locations":[{"start":{"line":19,"column":36},"end":{"line":19,"column":46}},{"start":{"line":19,"column":46},"end":{"line":19,"column":null}}],"line":19},"6":{"loc":{"start":{"line":31,"column":2},"end":{"line":31,"column":null}},"type":"if","locations":[{"start":{"line":31,"column":2},"end":{"line":31,"column":null}},{"start":{},"end":{}}],"line":31},"7":{"loc":{"start":{"line":47,"column":2},"end":{"line":47,"column":null}},"type":"if","locations":[{"start":{"line":47,"column":2},"end":{"line":47,"column":null}},{"start":{},"end":{}}],"line":47},"8":{"loc":{"start":{"line":52,"column":10},"end":{"line":52,"column":null}},"type":"binary-expr","locations":[{"start":{"line":52,"column":10},"end":{"line":52,"column":26}},{"start":{"line":52,"column":26},"end":{"line":52,"column":null}}],"line":52}},"s":{"0":9,"1":2,"2":7,"3":8,"4":8,"5":2,"6":6,"7":7,"8":22,"9":3,"10":19,"11":18,"12":3,"13":15,"14":5},"f":{"0":9,"1":8,"2":8,"3":7,"4":22,"5":18,"6":5},"b":{"0":[2,7],"1":[9,9],"2":[2,6],"3":[2,6],"4":[8,8],"5":[3,4],"6":[3,19],"7":[3,15],"8":[15,1]},"meta":{"lastBranch":9,"lastFunction":7,"lastStatement":15,"seen":{"f:6:16:6:31":0,"b:7:2:7:Infinity:undefined:undefined:undefined:undefined":0,"s:7:2:7:Infinity":0,"b:7:6:7:19:7:19:7:42":1,"s:7:42:7:Infinity":1,"s:8:2:10:Infinity":2,"f:8:18:8:26":1,"s:9:4:9:Infinity":3,"b:9:35:9:45:9:45:9:Infinity":2,"f:16:16:16:32":2,"b:17:2:17:Infinity:undefined:undefined:undefined:undefined":3,"s:17:2:17:Infinity":4,"b:17:6:17:19:17:19:17:42":4,"s:17:42:17:Infinity":5,"s:18:2:20:Infinity":6,"f:18:18:18:26":3,"s:19:4:19:Infinity":7,"b:19:36:19:46:19:46:19:Infinity":5,"f:30:16:30:32":4,"b:31:2:31:Infinity:undefined:undefined:undefined:undefined":6,"s:31:2:31:Infinity":8,"s:31:13:31:Infinity":9,"s:33:2:36:Infinity":10,"f:42:16:42:30":5,"b:47:2:47:Infinity:undefined:undefined:undefined:undefined":7,"s:47:2:47:Infinity":11,"s:47:16:47:Infinity":12,"s:49:2:53:Infinity":13,"b:52:10:52:26:52:26:52:Infinity":8,"f:59:16:59:30":6,"s:60:2:63:Infinity":14}}}
,"/Users/yiu_sio_hang/Desktop/382-1st-Proj/src/utils/rankingEngine.ts": {"path":"/Users/yiu_sio_hang/Desktop/382-1st-Proj/src/utils/rankingEngine.ts","statementMap":{"0":{"start":{"line":17,"column":29},"end":{"line":17,"column":null}},"1":{"start":{"line":18,"column":29},"end":{"line":18,"column":null}},"2":{"start":{"line":19,"column":30},"end":{"line":19,"column":null}},"3":{"start":{"line":22,"column":2},"end":{"line":24,"column":null}},"4":{"start":{"line":23,"column":17},"end":{"line":23,"column":37}},"5":{"start":{"line":24,"column":20},"end":{"line":24,"column":38}},"6":{"start":{"line":28,"column":22},"end":{"line":30,"column":null}},"7":{"start":{"line":33,"column":28},"end":{"line":33,"column":76}},"8":{"start":{"line":34,"column":30},"end":{"line":34,"column":84}},"9":{"start":{"line":36,"column":21},"end":{"line":36,"column":null}},"10":{"start":{"line":38,"column":2},"end":{"line":47,"column":null}},"11":{"start":{"line":57,"column":21},"end":{"line":57,"column":68}},"12":{"start":{"line":58,"column":27},"end":{"line":58,"column":null}},"13":{"start":{"line":60,"column":2},"end":{"line":60,"column":null}},"14":{"start":{"line":68,"column":2},"end":{"line":68,"column":null}},"15":{"start":{"line":68,"column":39},"end":{"line":68,"column":null}},"16":{"start":{"line":69,"column":2},"end":{"line":69,"column":null}},"17":{"start":{"line":77,"column":2},"end":{"line":77,"column":null}},"18":{"start":{"line":77,"column":23},"end":{"line":77,"column":null}},"19":{"start":{"line":78,"column":2},"end":{"line":78,"column":null}},"20":{"start":{"line":85,"column":2},"end":{"line":85,"column":null}}},"fnMap":{"0":{"name":"rankProfessors","decl":{"start":{"line":21,"column":16},"end":{"line":21,"column":31}},"loc":{"start":{"line":21,"column":72},"end":{"line":24,"column":null}},"line":21},"1":{"name":"(anonymous_1)","decl":{"start":{"line":23,"column":5},"end":{"line":23,"column":9}},"loc":{"start":{"line":23,"column":17},"end":{"line":23,"column":37}},"line":23},"2":{"name":"(anonymous_2)","decl":{"start":{"line":24,"column":5},"end":{"line":24,"column":11}},"loc":{"start":{"line":24,"column":20},"end":{"line":24,"column":38}},"line":24},"3":{"name":"calculateScore","decl":{"start":{"line":27,"column":16},"end":{"line":27,"column":31}},"loc":{"start":{"line":27,"column":67},"end":{"line":47,"column":null}},"line":27},"4":{"name":"calculateConfidenceAdjustedRating","decl":{"start":{"line":56,"column":9},"end":{"line":56,"column":43}},"loc":{"start":{"line":56,"column":88},"end":{"line":60,"column":null}},"line":56},"5":{"name":"calculateDifficultyPenalty","decl":{"start":{"line":67,"column":9},"end":{"line":67,"column":36}},"loc":{"start":{"line":67,"column":65},"end":{"line":69,"column":null}},"line":67},"6":{"name":"calculateWouldTakeAgainBonus","decl":{"start":{"line":76,"column":9},"end":{"line":76,"column":38}},"loc":{"start":{"line":76,"column":71},"end":{"line":78,"column":null}},"line":76},"7":{"name":"getTopProfessors","decl":{"start":{"line":84,"column":16},"end":{"line":84,"column":33}},"loc":{"start":{"line":84,"column":93},"end":{"line":85,"column":null}},"line":84}},"branchMap":{"0":{"loc":{"start":{"line":68,"column":2},"end":{"line":68,"column":null}},"type":"if","locations":[{"start":{"line":68,"column":2},"end":{"line":68,"column":null}},{"start":{},"end":{}}],"line":68},"1":{"loc":{"start":{"line":68,"column":6},"end":{"line":68,"column":39}},"type":"binary-expr","locations":[{"start":{"line":68,"column":6},"end":{"line":68,"column":21}},{"start":{"line":68,"column":21},"end":{"line":68,"column":39}}],"line":68},"2":{"loc":{"start":{"line":77,"column":2},"end":{"line":77,"column":null}},"type":"if","locations":[{"start":{"line":77,"column":2},"end":{"line":77,"column":null}},{"start":{},"end":{}}],"line":77},"3":{"loc":{"start":{"line":84,"column":59},"end":{"line":84,"column":93}},"type":"default-arg","locations":[{"start":{"line":84,"column":74},"end":{"line":84,"column":93}}],"line":84}},"s":{"0":2,"1":2,"2":2,"3":28,"4":388,"5":1115,"6":405,"7":405,"8":405,"9":405,"10":405,"11":405,"12":405,"13":405,"14":405,"15":1,"16":404,"17":405,"18":2,"19":403,"20":29},"f":{"0":28,"1":388,"2":1115,"3":405,"4":405,"5":405,"6":405,"7":29},"b":{"0":[1,404],"1":[405,404],"2":[2,403],"3":[29]},"meta":{"lastBranch":4,"lastFunction":8,"lastStatement":21,"seen":{"s:17:29:17:Infinity":0,"s:18:29:18:Infinity":1,"s:19:30:19:Infinity":2,"f:21:16:21:31":0,"s:22:2:24:Infinity":3,"f:23:5:23:9":1,"s:23:17:23:37":4,"f:24:5:24:11":2,"s:24:20:24:38":5,"f:27:16:27:31":3,"s:28:22:30:Infinity":6,"s:33:28:33:76":7,"s:34:30:34:84":8,"s:36:21:36:Infinity":9,"s:38:2:47:Infinity":10,"f:56:9:56:43":4,"s:57:21:57:68":11,"s:58:27:58:Infinity":12,"s:60:2:60:Infinity":13,"f:67:9:67:36":5,"b:68:2:68:Infinity:undefined:undefined:undefined:undefined":0,"s:68:2:68:Infinity":14,"b:68:6:68:21:68:21:68:39":1,"s:68:39:68:Infinity":15,"s:69:2:69:Infinity":16,"f:76:9:76:38":6,"b:77:2:77:Infinity:undefined:undefined:undefined:undefined":2,"s:77:2:77:Infinity":17,"s:77:23:77:Infinity":18,"s:78:2:78:Infinity":19,"f:84:16:84:33":7,"b:84:74:84:93":3,"s:85:2:85:Infinity":20}}}
}
